No. runs: 300
-----------------
Running instance: "ch130" (130 nodes)
-----------------

Running SteepestAlgorithm ...
Running time of SteepestAlgorithm: 15750 [ms]
SteepestAlgorithm - min: 6203 / avg: 6563.82 / max: 7033

Running GreedyAlgorithm ...
Running time of GreedyAlgorithm: 10914 [ms]
GreedyAlgorithm - min: 9845 / avg: 12245.5 / max: 17815

Running HeuristicAlgorithm ...
Running time of HeuristicAlgorithm: 203 [ms]
HeuristicAlgorithm - min: 7198 / avg: 7723.66 / max: 8644

Greedy running time: 10914 and 36.38 per run
Running RandomAlgorithm ...
Running time of RandomAlgorithm: 11101 [ms]
RandomAlgorithm - min: 37877 / avg: 39575.6 / max: 40490

Running RandomWalkAlgorithm ...
Running time of RandomWalkAlgorithm: 11100 [ms]
RandomWalkAlgorithm - min: 9435 / avg: 11256.7 / max: 13953

-----------------
Running instance: "kroA100" (100 nodes)
-----------------

Running SteepestAlgorithm ...
Running time of SteepestAlgorithm: 7037 [ms]
SteepestAlgorithm - min: 21467 / avg: 22743.2 / max: 24838

Running GreedyAlgorithm ...
Running time of GreedyAlgorithm: 4717 [ms]
GreedyAlgorithm - min: 32907 / avg: 43317.2 / max: 61432

Running HeuristicAlgorithm ...
Running time of HeuristicAlgorithm: 118 [ms]
HeuristicAlgorithm - min: 24698 / avg: 27063 / max: 28694

Greedy running time: 4717 and 15.7233 per run
Running RandomAlgorithm ...
Running time of RandomAlgorithm: 4800 [ms]
RandomAlgorithm - min: 129159 / avg: 139018 / max: 143944

Running RandomWalkAlgorithm ...
Running time of RandomWalkAlgorithm: 4800 [ms]
RandomWalkAlgorithm - min: 31642 / avg: 40590.1 / max: 49945

-----------------
Running instance: "kroC100" (100 nodes)
-----------------

Running SteepestAlgorithm ...
Running time of SteepestAlgorithm: 7066 [ms]
SteepestAlgorithm - min: 20931 / avg: 22344.6 / max: 24187

Running GreedyAlgorithm ...
Running time of GreedyAlgorithm: 4693 [ms]
GreedyAlgorithm - min: 32615 / avg: 42744.7 / max: 64120

Running HeuristicAlgorithm ...
Running time of HeuristicAlgorithm: 131 [ms]
HeuristicAlgorithm - min: 23566 / avg: 26129.6 / max: 29393

Greedy running time: 4693 and 15.6433 per run
Running RandomAlgorithm ...
Running time of RandomAlgorithm: 4800 [ms]
RandomAlgorithm - min: 128625 / avg: 137988 / max: 142598

Running RandomWalkAlgorithm ...
Running time of RandomWalkAlgorithm: 4800 [ms]
RandomWalkAlgorithm - min: 32641 / avg: 40709 / max: 50683

-----------------
Running instance: "kroD100" (100 nodes)
-----------------

Running SteepestAlgorithm ...
Running time of SteepestAlgorithm: 6888 [ms]
SteepestAlgorithm - min: 21601 / avg: 22802.6 / max: 24804

Running GreedyAlgorithm ...
Running time of GreedyAlgorithm: 4727 [ms]
GreedyAlgorithm - min: 32126 / avg: 42258.7 / max: 60492

Running HeuristicAlgorithm ...
Running time of HeuristicAlgorithm: 131 [ms]
HeuristicAlgorithm - min: 24855 / avg: 27528 / max: 29998

Greedy running time: 4727 and 15.7567 per run
Running RandomAlgorithm ...
Running time of RandomAlgorithm: 4800 [ms]
RandomAlgorithm - min: 115133 / avg: 133656 / max: 138109

Running RandomWalkAlgorithm ...
Running time of RandomWalkAlgorithm: 4800 [ms]
RandomWalkAlgorithm - min: 31811 / avg: 39638.5 / max: 48256

-----------------
Running instance: "lin105" (105 nodes)
-----------------

Running SteepestAlgorithm ...
Running time of SteepestAlgorithm: 8350 [ms]
SteepestAlgorithm - min: 14443 / avg: 15279.8 / max: 16342

Running GreedyAlgorithm ...
Running time of GreedyAlgorithm: 5735 [ms]
GreedyAlgorithm - min: 22775 / avg: 29793.3 / max: 43263

Running HeuristicAlgorithm ...
Running time of HeuristicAlgorithm: 195 [ms]
HeuristicAlgorithm - min: 16939 / avg: 18601.8 / max: 20590

Greedy running time: 5735 and 19.1167 per run
Running RandomAlgorithm ...
Running time of RandomAlgorithm: 6000 [ms]
RandomAlgorithm - min: 93241 / avg: 100371 / max: 103590

Running RandomWalkAlgorithm ...
Running time of RandomWalkAlgorithm: 6000 [ms]
RandomWalkAlgorithm - min: 22074 / avg: 29040.1 / max: 37915

-----------------
Running instance: "pr76" (76 nodes)
-----------------

Running SteepestAlgorithm ...
Running time of SteepestAlgorithm: 2941 [ms]
SteepestAlgorithm - min: 108275 / avg: 113282 / max: 122523

Running GreedyAlgorithm ...
Running time of GreedyAlgorithm: 1818 [ms]
GreedyAlgorithm - min: 147117 / avg: 198956 / max: 294790

Running HeuristicAlgorithm ...
Running time of HeuristicAlgorithm: 90 [ms]
HeuristicAlgorithm - min: 130921 / avg: 147092 / max: 157076

Greedy running time: 1818 and 6.06 per run
Running RandomAlgorithm ...
Running time of RandomAlgorithm: 2100 [ms]
RandomAlgorithm - min: 447225 / avg: 473566 / max: 491809

Running RandomWalkAlgorithm ...
Running time of RandomWalkAlgorithm: 2100 [ms]
RandomWalkAlgorithm - min: 141937 / avg: 171755 / max: 207426

-----------------
Running instance: "a280" (280 nodes)
-----------------

Running SteepestAlgorithm ...
Running time of SteepestAlgorithm: 165146 [ms]
SteepestAlgorithm - min: 2735 / avg: 2899.54 / max: 3055

Running GreedyAlgorithm ...
Running time of GreedyAlgorithm: 139283 [ms]
GreedyAlgorithm - min: 4539 / avg: 5868.97 / max: 9030

Running HeuristicAlgorithm ...
Running time of HeuristicAlgorithm: 988 [ms]
HeuristicAlgorithm - min: 3129 / avg: 3316.94 / max: 3607

Greedy running time: 139283 and 464.277 per run
Running RandomAlgorithm ...
Running time of RandomAlgorithm: 139502 [ms]
RandomAlgorithm - min: 29003 / avg: 29873.6 / max: 30497

Running RandomWalkAlgorithm ...
Running time of RandomWalkAlgorithm: 139501 [ms]
RandomWalkAlgorithm - min: 5309 / avg: 6319.72 / max: 7655

-----------------
Running instance: "lin318" (318 nodes)
-----------------

Running SteepestAlgorithm ...
Running time of SteepestAlgorithm: 265540 [ms]
SteepestAlgorithm - min: 43851 / avg: 45352.3 / max: 47352

Running GreedyAlgorithm ...
Running time of GreedyAlgorithm: 215365 [ms]
GreedyAlgorithm - min: 78175 / avg: 97957.8 / max: 139253

Running HeuristicAlgorithm ...
Running time of HeuristicAlgorithm: 1485 [ms]
HeuristicAlgorithm - min: 49215 / avg: 52652.4 / max: 58862

Greedy running time: 215365 and 717.883 per run
Running RandomAlgorithm ...
Running time of RandomAlgorithm: 215402 [ms]
RandomAlgorithm - min: 503129 / avg: 524182 / max: 531799

Running RandomWalkAlgorithm ...
Running time of RandomWalkAlgorithm: 215402 [ms]
RandomWalkAlgorithm - min: 93871 / avg: 110899 / max: 127749

