No. runs: 300
-----------------
Running instance: "ch130"
-----------------

Running SteepestAlgorithm ...
Running time of SteepestAlgorithm: 16754 [ms]
SteepestAlgorithm - min: 6228 / avg: 6558.26 / max: 6990

Running GreedyAlgorithm ...
Running time of GreedyAlgorithm: 10950 [ms]
GreedyAlgorithm - min: 9700 / avg: 12292.3 / max: 17315

Running HeuristicAlgorithm ...
Running time of HeuristicAlgorithm: 211 [ms]
HeuristicAlgorithm - min: 7198 / avg: 7723.73 / max: 8644

Greedy running time: 10950 and 36.5 per run
Running RandomAlgorithm ...
Running time of RandomAlgorithm: 11101 [ms]
RandomAlgorithm - min: 41483 / avg: 46120.9 / max: 51890

Running RandomWalkAlgorithm ...
Running time of RandomWalkAlgorithm: 11100 [ms]
RandomWalkAlgorithm - min: 9295 / avg: 11264.3 / max: 13921

-----------------
Running instance: "kroA100"
-----------------

Running SteepestAlgorithm ...
Running time of SteepestAlgorithm: 7621 [ms]
SteepestAlgorithm - min: 21470 / avg: 22726.3 / max: 24429

Running GreedyAlgorithm ...
Running time of GreedyAlgorithm: 4892 [ms]
GreedyAlgorithm - min: 33160 / avg: 42487.6 / max: 63150

Running HeuristicAlgorithm ...
Running time of HeuristicAlgorithm: 125 [ms]
HeuristicAlgorithm - min: 24698 / avg: 27064.1 / max: 28694

Greedy running time: 4892 and 16.3067 per run
Running RandomAlgorithm ...
Running time of RandomAlgorithm: 5100 [ms]
RandomAlgorithm - min: 146392 / avg: 170343 / max: 194245

Running RandomWalkAlgorithm ...
Running time of RandomWalkAlgorithm: 5100 [ms]
RandomWalkAlgorithm - min: 31273 / avg: 40936.3 / max: 52879

-----------------
Running instance: "kroC100"
-----------------

Running SteepestAlgorithm ...
Running time of SteepestAlgorithm: 7628 [ms]
SteepestAlgorithm - min: 21042 / avg: 22295.6 / max: 24738

Running GreedyAlgorithm ...
Running time of GreedyAlgorithm: 4842 [ms]
GreedyAlgorithm - min: 33202 / avg: 42390.7 / max: 62765

Running HeuristicAlgorithm ...
Running time of HeuristicAlgorithm: 129 [ms]
HeuristicAlgorithm - min: 23566 / avg: 26203.7 / max: 29393

Greedy running time: 4842 and 16.14 per run
Running RandomAlgorithm ...
Running time of RandomAlgorithm: 5100 [ms]
RandomAlgorithm - min: 140961 / avg: 169993 / max: 195322

Running RandomWalkAlgorithm ...
Running time of RandomWalkAlgorithm: 5100 [ms]
RandomWalkAlgorithm - min: 31096 / avg: 40567.7 / max: 51344

-----------------
Running instance: "kroD100"
-----------------

Running SteepestAlgorithm ...
Running time of SteepestAlgorithm: 7343 [ms]
SteepestAlgorithm - min: 21556 / avg: 22830 / max: 24664

Running GreedyAlgorithm ...
Running time of GreedyAlgorithm: 4698 [ms]
GreedyAlgorithm - min: 31095 / avg: 42458.2 / max: 62664

Running HeuristicAlgorithm ...
Running time of HeuristicAlgorithm: 122 [ms]
HeuristicAlgorithm - min: 24855 / avg: 27392.8 / max: 29998

Greedy running time: 4698 and 15.66 per run
Running RandomAlgorithm ...
Running time of RandomAlgorithm: 4800 [ms]
RandomAlgorithm - min: 145930 / avg: 162916 / max: 185381

Running RandomWalkAlgorithm ...
Running time of RandomWalkAlgorithm: 4800 [ms]
RandomWalkAlgorithm - min: 29024 / avg: 39840.1 / max: 52649

-----------------
Running instance: "lin105"
-----------------

Running SteepestAlgorithm ...
Running time of SteepestAlgorithm: 8675 [ms]
SteepestAlgorithm - min: 14406 / avg: 15319 / max: 16492

Running GreedyAlgorithm ...
Running time of GreedyAlgorithm: 5729 [ms]
GreedyAlgorithm - min: 22495 / avg: 30089.8 / max: 46454

Running HeuristicAlgorithm ...
Running time of HeuristicAlgorithm: 176 [ms]
HeuristicAlgorithm - min: 16939 / avg: 18643.4 / max: 20590

Greedy running time: 5729 and 19.0967 per run
Running RandomAlgorithm ...
Running time of RandomAlgorithm: 6000 [ms]
RandomAlgorithm - min: 108646 / avg: 123607 / max: 138552

Running RandomWalkAlgorithm ...
Running time of RandomWalkAlgorithm: 6000 [ms]
RandomWalkAlgorithm - min: 22209 / avg: 29214.7 / max: 39448

-----------------
Running instance: "pr76"
-----------------

Running SteepestAlgorithm ...
Running time of SteepestAlgorithm: 3090 [ms]
SteepestAlgorithm - min: 108304 / avg: 113833 / max: 121425

Running GreedyAlgorithm ...
Running time of GreedyAlgorithm: 1792 [ms]
GreedyAlgorithm - min: 158758 / avg: 196877 / max: 268306

Running HeuristicAlgorithm ...
Running time of HeuristicAlgorithm: 87 [ms]
HeuristicAlgorithm - min: 130921 / avg: 146666 / max: 157076

Greedy running time: 1792 and 5.97333 per run
Running RandomAlgorithm ...
Running time of RandomAlgorithm: 1800 [ms]
RandomAlgorithm - min: 512545 / avg: 576627 / max: 650838

Running RandomWalkAlgorithm ...
Running time of RandomWalkAlgorithm: 1800 [ms]
RandomWalkAlgorithm - min: 139799 / avg: 170857 / max: 205636

-----------------
Running instance: "a280"
-----------------

Running SteepestAlgorithm ...
Running time of SteepestAlgorithm: 174597 [ms]
SteepestAlgorithm - min: 2752 / avg: 2890.39 / max: 3052

Running GreedyAlgorithm ...
Running time of GreedyAlgorithm: 138293 [ms]
GreedyAlgorithm - min: 4844 / avg: 5943.25 / max: 8273

Running HeuristicAlgorithm ...
Running time of HeuristicAlgorithm: 976 [ms]
HeuristicAlgorithm - min: 3113 / avg: 3309.84 / max: 3607

Greedy running time: 138293 and 460.977 per run
Running RandomAlgorithm ...
Running time of RandomAlgorithm: 138302 [ms]
RandomAlgorithm - min: 31396 / avg: 34132.6 / max: 37074

Running RandomWalkAlgorithm ...
Running time of RandomWalkAlgorithm: 138301 [ms]
RandomWalkAlgorithm - min: 5507 / avg: 6305.51 / max: 7557
