No. runs: 100
-----------------
Running instance: "ch130" (130 nodes)
-----------------

Running SteepestAlgorithm ...
Running time of SteepestAlgorithm: 3609 [ms]
SteepestAlgorithm - min: 6282 / avg: 6576.58 / max: 6951

Running GreedyAlgorithm ...
Running time of GreedyAlgorithm: 4823 [ms]
GreedyAlgorithm - min: 6202 / avg: 6727.03 / max: 7044

Greedy running time: 4823 and 48.23 per run
-----------------
Running instance: "a280" (280 nodes)
-----------------

Running SteepestAlgorithm ...
Running time of SteepestAlgorithm: 37722 [ms]
SteepestAlgorithm - min: 2767 / avg: 2900.12 / max: 3046

Running GreedyAlgorithm ...
Running time of GreedyAlgorithm: 55558 [ms]
GreedyAlgorithm - min: 2861 / avg: 2995.42 / max: 3112

Greedy running time: 55558 and 555.58 per run
