No. runs: 300
-----------------
Running instance: "ch130" (130 nodes)
-----------------

Running TabuSearchAlgorithm ...

Running time of TabuSearchAlgorithm: 36291 [ms]
TabuSearchAlgorithm - min: 6341 / avg: 7460.23 / max: 36062

Greedy running time: -1 and -0.00333333 per run
-----------------
Running instance: "kroA100" (100 nodes)
-----------------

Running TabuSearchAlgorithm ...

Running time of TabuSearchAlgorithm: 16088 [ms]
TabuSearchAlgorithm - min: 21320 / avg: 25622.3 / max: 129354

Greedy running time: -1 and -0.00333333 per run
-----------------
Running instance: "kroC100" (100 nodes)
-----------------

Running TabuSearchAlgorithm ...

Running time of TabuSearchAlgorithm: 15934 [ms]
TabuSearchAlgorithm - min: 20922 / avg: 24918.1 / max: 96185

Greedy running time: -1 and -0.00333333 per run
-----------------
Running instance: "kroD100" (100 nodes)
-----------------

Running TabuSearchAlgorithm ...

Running time of TabuSearchAlgorithm: 15774 [ms]
TabuSearchAlgorithm - min: 21494 / avg: 25832.2 / max: 117946

Greedy running time: -1 and -0.00333333 per run
-----------------
Running instance: "lin105" (105 nodes)
-----------------

Running TabuSearchAlgorithm ...

Running time of TabuSearchAlgorithm: 18813 [ms]
TabuSearchAlgorithm - min: 14420 / avg: 16939.3 / max: 63308

Greedy running time: -1 and -0.00333333 per run
-----------------
Running instance: "pr76" (76 nodes)
-----------------

Running TabuSearchAlgorithm ...

Running time of TabuSearchAlgorithm: 6959 [ms]
TabuSearchAlgorithm - min: 108559 / avg: 120564 / max: 384572

Greedy running time: -1 and -0.00333333 per run
-----------------
Running instance: "a280" (280 nodes)
-----------------

Running TabuSearchAlgorithm ...

Running time of TabuSearchAlgorithm: 379533 [ms]
TabuSearchAlgorithm - min: 2756 / avg: 3679.77 / max: 21828

Greedy running time: -1 and -0.00333333 per run
-----------------
Running instance: "lin318" (318 nodes)
-----------------

Running TabuSearchAlgorithm ...

Running time of TabuSearchAlgorithm: 565745 [ms]
TabuSearchAlgorithm - min: 44295 / avg: 63575.8 / max: 474670

Greedy running time: -1 and -0.00333333 per run
